2018-02-19T12:50:14+00:00 ERR (3): 
exception 'Mage_Core_Exception' with message 'Invalid block type: Mage_Koko_Block_Produk_List' in D:\xampp\htdocs\brambleco\app\Mage.php:595
Stack trace:
#0 D:\xampp\htdocs\brambleco\app\code\core\Mage\Core\Model\Layout.php(495): Mage::throwException('Invalid block t...')
#1 D:\xampp\htdocs\brambleco\app\code\core\Mage\Core\Model\Layout.php(437): Mage_Core_Model_Layout->_getBlockInstance('koko/produk_lis...', Array)
#2 D:\xampp\htdocs\brambleco\app\code\core\Mage\Core\Model\Layout.php(472): Mage_Core_Model_Layout->createBlock('koko/produk_lis...', 'produk_list')
#3 D:\xampp\htdocs\brambleco\app\code\core\Mage\Core\Model\Layout.php(239): Mage_Core_Model_Layout->addBlock('koko/produk_lis...', 'produk_list')
#4 D:\xampp\htdocs\brambleco\app\code\core\Mage\Core\Model\Layout.php(205): Mage_Core_Model_Layout->_generateBlock(Object(Mage_Core_Model_Layout_Element), Object(Mage_Core_Model_Layout_Element))
#5 D:\xampp\htdocs\brambleco\app\code\core\Mage\Core\Model\Layout.php(210): Mage_Core_Model_Layout->generateBlocks(Object(Mage_Core_Model_Layout_Element))
#6 D:\xampp\htdocs\brambleco\app\code\core\Mage\Core\Controller\Varien\Action.php(344): Mage_Core_Model_Layout->generateBlocks()
#7 D:\xampp\htdocs\brambleco\app\code\core\Mage\Core\Controller\Varien\Action.php(269): Mage_Core_Controller_Varien_Action->generateLayoutBlocks()
#8 D:\xampp\htdocs\brambleco\app\code\local\Test\Witarko\controllers\IndexController.php(6): Mage_Core_Controller_Varien_Action->loadLayout()
#9 D:\xampp\htdocs\brambleco\app\code\core\Mage\Core\Controller\Varien\Action.php(418): Test_Witarko_IndexController->indexAction()
#10 D:\xampp\htdocs\brambleco\app\code\core\Mage\Core\Controller\Varien\Router\Standard.php(254): Mage_Core_Controller_Varien_Action->dispatch('index')
#11 D:\xampp\htdocs\brambleco\app\code\core\Mage\Core\Controller\Varien\Front.php(172): Mage_Core_Controller_Varien_Router_Standard->match(Object(Mage_Core_Controller_Request_Http))
#12 D:\xampp\htdocs\brambleco\app\code\core\Mage\Core\Model\App.php(365): Mage_Core_Controller_Varien_Front->dispatch()
#13 D:\xampp\htdocs\brambleco\app\Mage.php(684): Mage_Core_Model_App->run(Array)
#14 D:\xampp\htdocs\brambleco\index.php(82): Mage::run('', 'store')
#15 {main}
2018-02-19T12:54:12+00:00 ERR (3): 
exception 'Mage_Core_Exception' with message 'Invalid block type: Mage_Koko_Block_Produk_List' in D:\xampp\htdocs\brambleco\app\Mage.php:595
Stack trace:
#0 D:\xampp\htdocs\brambleco\app\code\core\Mage\Core\Model\Layout.php(495): Mage::throwException('Invalid block t...')
#1 D:\xampp\htdocs\brambleco\app\code\core\Mage\Core\Model\Layout.php(437): Mage_Core_Model_Layout->_getBlockInstance('koko/produk_lis...', Array)
#2 D:\xampp\htdocs\brambleco\app\code\core\Mage\Core\Model\Layout.php(472): Mage_Core_Model_Layout->createBlock('koko/produk_lis...', 'produk_list')
#3 D:\xampp\htdocs\brambleco\app\code\core\Mage\Core\Model\Layout.php(239): Mage_Core_Model_Layout->addBlock('koko/produk_lis...', 'produk_list')
#4 D:\xampp\htdocs\brambleco\app\code\core\Mage\Core\Model\Layout.php(205): Mage_Core_Model_Layout->_generateBlock(Object(Mage_Core_Model_Layout_Element), Object(Mage_Core_Model_Layout_Element))
#5 D:\xampp\htdocs\brambleco\app\code\core\Mage\Core\Model\Layout.php(210): Mage_Core_Model_Layout->generateBlocks(Object(Mage_Core_Model_Layout_Element))
#6 D:\xampp\htdocs\brambleco\app\code\core\Mage\Core\Controller\Varien\Action.php(344): Mage_Core_Model_Layout->generateBlocks()
#7 D:\xampp\htdocs\brambleco\app\code\core\Mage\Core\Controller\Varien\Action.php(269): Mage_Core_Controller_Varien_Action->generateLayoutBlocks()
#8 D:\xampp\htdocs\brambleco\app\code\local\Test\Witarko\controllers\IndexController.php(6): Mage_Core_Controller_Varien_Action->loadLayout()
#9 D:\xampp\htdocs\brambleco\app\code\core\Mage\Core\Controller\Varien\Action.php(418): Test_Witarko_IndexController->indexAction()
#10 D:\xampp\htdocs\brambleco\app\code\core\Mage\Core\Controller\Varien\Router\Standard.php(254): Mage_Core_Controller_Varien_Action->dispatch('index')
#11 D:\xampp\htdocs\brambleco\app\code\core\Mage\Core\Controller\Varien\Front.php(172): Mage_Core_Controller_Varien_Router_Standard->match(Object(Mage_Core_Controller_Request_Http))
#12 D:\xampp\htdocs\brambleco\app\code\core\Mage\Core\Model\App.php(365): Mage_Core_Controller_Varien_Front->dispatch()
#13 D:\xampp\htdocs\brambleco\app\Mage.php(684): Mage_Core_Model_App->run(Array)
#14 D:\xampp\htdocs\brambleco\index.php(82): Mage::run('', 'store')
#15 {main}
2018-02-19T12:54:12+00:00 ERR (3): 
exception 'Mage_Core_Exception' with message 'Invalid block type: Mage_Koko_Block_Produk_List_Toolbar' in D:\xampp\htdocs\brambleco\app\Mage.php:595
Stack trace:
#0 D:\xampp\htdocs\brambleco\app\code\core\Mage\Core\Model\Layout.php(495): Mage::throwException('Invalid block t...')
#1 D:\xampp\htdocs\brambleco\app\code\core\Mage\Core\Model\Layout.php(437): Mage_Core_Model_Layout->_getBlockInstance('koko/produk_lis...', Array)
#2 D:\xampp\htdocs\brambleco\app\code\core\Mage\Core\Model\Layout.php(472): Mage_Core_Model_Layout->createBlock('koko/produk_lis...', 'produk_list_too...')
#3 D:\xampp\htdocs\brambleco\app\code\core\Mage\Core\Model\Layout.php(239): Mage_Core_Model_Layout->addBlock('koko/produk_lis...', 'produk_list_too...')
#4 D:\xampp\htdocs\brambleco\app\code\core\Mage\Core\Model\Layout.php(205): Mage_Core_Model_Layout->_generateBlock(Object(Mage_Core_Model_Layout_Element), Object(Mage_Core_Model_Layout_Element))
#5 D:\xampp\htdocs\brambleco\app\code\core\Mage\Core\Model\Layout.php(206): Mage_Core_Model_Layout->generateBlocks(Object(Mage_Core_Model_Layout_Element))
#6 D:\xampp\htdocs\brambleco\app\code\core\Mage\Core\Model\Layout.php(210): Mage_Core_Model_Layout->generateBlocks(Object(Mage_Core_Model_Layout_Element))
#7 D:\xampp\htdocs\brambleco\app\code\core\Mage\Core\Controller\Varien\Action.php(344): Mage_Core_Model_Layout->generateBlocks()
#8 D:\xampp\htdocs\brambleco\app\code\core\Mage\Core\Controller\Varien\Action.php(269): Mage_Core_Controller_Varien_Action->generateLayoutBlocks()
#9 D:\xampp\htdocs\brambleco\app\code\local\Test\Witarko\controllers\IndexController.php(6): Mage_Core_Controller_Varien_Action->loadLayout()
#10 D:\xampp\htdocs\brambleco\app\code\core\Mage\Core\Controller\Varien\Action.php(418): Test_Witarko_IndexController->indexAction()
#11 D:\xampp\htdocs\brambleco\app\code\core\Mage\Core\Controller\Varien\Router\Standard.php(254): Mage_Core_Controller_Varien_Action->dispatch('index')
#12 D:\xampp\htdocs\brambleco\app\code\core\Mage\Core\Controller\Varien\Front.php(172): Mage_Core_Controller_Varien_Router_Standard->match(Object(Mage_Core_Controller_Request_Http))
#13 D:\xampp\htdocs\brambleco\app\code\core\Mage\Core\Model\App.php(365): Mage_Core_Controller_Varien_Front->dispatch()
#14 D:\xampp\htdocs\brambleco\app\Mage.php(684): Mage_Core_Model_App->run(Array)
#15 D:\xampp\htdocs\brambleco\index.php(82): Mage::run('', 'store')
#16 {main}
2018-02-19T12:54:29+00:00 ERR (3): 
exception 'Mage_Core_Exception' with message 'Invalid block type: Mage_Koko_Block_Produk_List' in D:\xampp\htdocs\brambleco\app\Mage.php:595
Stack trace:
#0 D:\xampp\htdocs\brambleco\app\code\core\Mage\Core\Model\Layout.php(495): Mage::throwException('Invalid block t...')
#1 D:\xampp\htdocs\brambleco\app\code\core\Mage\Core\Model\Layout.php(437): Mage_Core_Model_Layout->_getBlockInstance('koko/produk_lis...', Array)
#2 D:\xampp\htdocs\brambleco\app\code\core\Mage\Core\Model\Layout.php(472): Mage_Core_Model_Layout->createBlock('koko/produk_lis...', 'produk_list')
#3 D:\xampp\htdocs\brambleco\app\code\core\Mage\Core\Model\Layout.php(239): Mage_Core_Model_Layout->addBlock('koko/produk_lis...', 'produk_list')
#4 D:\xampp\htdocs\brambleco\app\code\core\Mage\Core\Model\Layout.php(205): Mage_Core_Model_Layout->_generateBlock(Object(Mage_Core_Model_Layout_Element), Object(Mage_Core_Model_Layout_Element))
#5 D:\xampp\htdocs\brambleco\app\code\core\Mage\Core\Model\Layout.php(210): Mage_Core_Model_Layout->generateBlocks(Object(Mage_Core_Model_Layout_Element))
#6 D:\xampp\htdocs\brambleco\app\code\core\Mage\Core\Controller\Varien\Action.php(344): Mage_Core_Model_Layout->generateBlocks()
#7 D:\xampp\htdocs\brambleco\app\code\core\Mage\Core\Controller\Varien\Action.php(269): Mage_Core_Controller_Varien_Action->generateLayoutBlocks()
#8 D:\xampp\htdocs\brambleco\app\code\local\Test\Witarko\controllers\IndexController.php(6): Mage_Core_Controller_Varien_Action->loadLayout()
#9 D:\xampp\htdocs\brambleco\app\code\core\Mage\Core\Controller\Varien\Action.php(418): Test_Witarko_IndexController->indexAction()
#10 D:\xampp\htdocs\brambleco\app\code\core\Mage\Core\Controller\Varien\Router\Standard.php(254): Mage_Core_Controller_Varien_Action->dispatch('index')
#11 D:\xampp\htdocs\brambleco\app\code\core\Mage\Core\Controller\Varien\Front.php(172): Mage_Core_Controller_Varien_Router_Standard->match(Object(Mage_Core_Controller_Request_Http))
#12 D:\xampp\htdocs\brambleco\app\code\core\Mage\Core\Model\App.php(365): Mage_Core_Controller_Varien_Front->dispatch()
#13 D:\xampp\htdocs\brambleco\app\Mage.php(684): Mage_Core_Model_App->run(Array)
#14 D:\xampp\htdocs\brambleco\index.php(82): Mage::run('', 'store')
#15 {main}
2018-02-19T12:54:29+00:00 ERR (3): 
exception 'Mage_Core_Exception' with message 'Invalid block type: Mage_Koko_Block_Produk_List_Toolbar' in D:\xampp\htdocs\brambleco\app\Mage.php:595
Stack trace:
#0 D:\xampp\htdocs\brambleco\app\code\core\Mage\Core\Model\Layout.php(495): Mage::throwException('Invalid block t...')
#1 D:\xampp\htdocs\brambleco\app\code\core\Mage\Core\Model\Layout.php(437): Mage_Core_Model_Layout->_getBlockInstance('koko/produk_lis...', Array)
#2 D:\xampp\htdocs\brambleco\app\code\core\Mage\Core\Model\Layout.php(472): Mage_Core_Model_Layout->createBlock('koko/produk_lis...', 'produk_list_too...')
#3 D:\xampp\htdocs\brambleco\app\code\core\Mage\Core\Model\Layout.php(239): Mage_Core_Model_Layout->addBlock('koko/produk_lis...', 'produk_list_too...')
#4 D:\xampp\htdocs\brambleco\app\code\core\Mage\Core\Model\Layout.php(205): Mage_Core_Model_Layout->_generateBlock(Object(Mage_Core_Model_Layout_Element), Object(Mage_Core_Model_Layout_Element))
#5 D:\xampp\htdocs\brambleco\app\code\core\Mage\Core\Model\Layout.php(206): Mage_Core_Model_Layout->generateBlocks(Object(Mage_Core_Model_Layout_Element))
#6 D:\xampp\htdocs\brambleco\app\code\core\Mage\Core\Model\Layout.php(210): Mage_Core_Model_Layout->generateBlocks(Object(Mage_Core_Model_Layout_Element))
#7 D:\xampp\htdocs\brambleco\app\code\core\Mage\Core\Controller\Varien\Action.php(344): Mage_Core_Model_Layout->generateBlocks()
#8 D:\xampp\htdocs\brambleco\app\code\core\Mage\Core\Controller\Varien\Action.php(269): Mage_Core_Controller_Varien_Action->generateLayoutBlocks()
#9 D:\xampp\htdocs\brambleco\app\code\local\Test\Witarko\controllers\IndexController.php(6): Mage_Core_Controller_Varien_Action->loadLayout()
#10 D:\xampp\htdocs\brambleco\app\code\core\Mage\Core\Controller\Varien\Action.php(418): Test_Witarko_IndexController->indexAction()
#11 D:\xampp\htdocs\brambleco\app\code\core\Mage\Core\Controller\Varien\Router\Standard.php(254): Mage_Core_Controller_Varien_Action->dispatch('index')
#12 D:\xampp\htdocs\brambleco\app\code\core\Mage\Core\Controller\Varien\Front.php(172): Mage_Core_Controller_Varien_Router_Standard->match(Object(Mage_Core_Controller_Request_Http))
#13 D:\xampp\htdocs\brambleco\app\code\core\Mage\Core\Model\App.php(365): Mage_Core_Controller_Varien_Front->dispatch()
#14 D:\xampp\htdocs\brambleco\app\Mage.php(684): Mage_Core_Model_App->run(Array)
#15 D:\xampp\htdocs\brambleco\index.php(82): Mage::run('', 'store')
#16 {main}
2018-02-20T05:27:45+00:00 ERR (3): 
exception 'Mage_Core_Exception' with message 'Invalid block type: Mage_Koko_Block_Produk_List' in D:\xampp\htdocs\brambleco\app\Mage.php:595
Stack trace:
#0 D:\xampp\htdocs\brambleco\app\code\core\Mage\Core\Model\Layout.php(495): Mage::throwException('Invalid block t...')
#1 D:\xampp\htdocs\brambleco\app\code\core\Mage\Core\Model\Layout.php(437): Mage_Core_Model_Layout->_getBlockInstance('koko/produk_lis...', Array)
#2 D:\xampp\htdocs\brambleco\app\code\core\Mage\Core\Model\Layout.php(472): Mage_Core_Model_Layout->createBlock('koko/produk_lis...', 'produk_list')
#3 D:\xampp\htdocs\brambleco\app\code\core\Mage\Core\Model\Layout.php(239): Mage_Core_Model_Layout->addBlock('koko/produk_lis...', 'produk_list')
#4 D:\xampp\htdocs\brambleco\app\code\core\Mage\Core\Model\Layout.php(205): Mage_Core_Model_Layout->_generateBlock(Object(Mage_Core_Model_Layout_Element), Object(Mage_Core_Model_Layout_Element))
#5 D:\xampp\htdocs\brambleco\app\code\core\Mage\Core\Model\Layout.php(210): Mage_Core_Model_Layout->generateBlocks(Object(Mage_Core_Model_Layout_Element))
#6 D:\xampp\htdocs\brambleco\app\code\core\Mage\Core\Controller\Varien\Action.php(344): Mage_Core_Model_Layout->generateBlocks()
#7 D:\xampp\htdocs\brambleco\app\code\core\Mage\Core\Controller\Varien\Action.php(269): Mage_Core_Controller_Varien_Action->generateLayoutBlocks()
#8 D:\xampp\htdocs\brambleco\app\code\local\Test\Witarko\controllers\IndexController.php(6): Mage_Core_Controller_Varien_Action->loadLayout()
#9 D:\xampp\htdocs\brambleco\app\code\core\Mage\Core\Controller\Varien\Action.php(418): Test_Witarko_IndexController->indexAction()
#10 D:\xampp\htdocs\brambleco\app\code\core\Mage\Core\Controller\Varien\Router\Standard.php(254): Mage_Core_Controller_Varien_Action->dispatch('index')
#11 D:\xampp\htdocs\brambleco\app\code\core\Mage\Core\Controller\Varien\Front.php(172): Mage_Core_Controller_Varien_Router_Standard->match(Object(Mage_Core_Controller_Request_Http))
#12 D:\xampp\htdocs\brambleco\app\code\core\Mage\Core\Model\App.php(365): Mage_Core_Controller_Varien_Front->dispatch()
#13 D:\xampp\htdocs\brambleco\app\Mage.php(684): Mage_Core_Model_App->run(Array)
#14 D:\xampp\htdocs\brambleco\index.php(82): Mage::run('', 'store')
#15 {main}
2018-02-20T05:27:45+00:00 ERR (3): 
exception 'Mage_Core_Exception' with message 'Invalid block type: Mage_Koko_Block_Produk_List_Toolbar' in D:\xampp\htdocs\brambleco\app\Mage.php:595
Stack trace:
#0 D:\xampp\htdocs\brambleco\app\code\core\Mage\Core\Model\Layout.php(495): Mage::throwException('Invalid block t...')
#1 D:\xampp\htdocs\brambleco\app\code\core\Mage\Core\Model\Layout.php(437): Mage_Core_Model_Layout->_getBlockInstance('koko/produk_lis...', Array)
#2 D:\xampp\htdocs\brambleco\app\code\core\Mage\Core\Model\Layout.php(472): Mage_Core_Model_Layout->createBlock('koko/produk_lis...', 'produk_list_too...')
#3 D:\xampp\htdocs\brambleco\app\code\core\Mage\Core\Model\Layout.php(239): Mage_Core_Model_Layout->addBlock('koko/produk_lis...', 'produk_list_too...')
#4 D:\xampp\htdocs\brambleco\app\code\core\Mage\Core\Model\Layout.php(205): Mage_Core_Model_Layout->_generateBlock(Object(Mage_Core_Model_Layout_Element), Object(Mage_Core_Model_Layout_Element))
#5 D:\xampp\htdocs\brambleco\app\code\core\Mage\Core\Model\Layout.php(206): Mage_Core_Model_Layout->generateBlocks(Object(Mage_Core_Model_Layout_Element))
#6 D:\xampp\htdocs\brambleco\app\code\core\Mage\Core\Model\Layout.php(210): Mage_Core_Model_Layout->generateBlocks(Object(Mage_Core_Model_Layout_Element))
#7 D:\xampp\htdocs\brambleco\app\code\core\Mage\Core\Controller\Varien\Action.php(344): Mage_Core_Model_Layout->generateBlocks()
#8 D:\xampp\htdocs\brambleco\app\code\core\Mage\Core\Controller\Varien\Action.php(269): Mage_Core_Controller_Varien_Action->generateLayoutBlocks()
#9 D:\xampp\htdocs\brambleco\app\code\local\Test\Witarko\controllers\IndexController.php(6): Mage_Core_Controller_Varien_Action->loadLayout()
#10 D:\xampp\htdocs\brambleco\app\code\core\Mage\Core\Controller\Varien\Action.php(418): Test_Witarko_IndexController->indexAction()
#11 D:\xampp\htdocs\brambleco\app\code\core\Mage\Core\Controller\Varien\Router\Standard.php(254): Mage_Core_Controller_Varien_Action->dispatch('index')
#12 D:\xampp\htdocs\brambleco\app\code\core\Mage\Core\Controller\Varien\Front.php(172): Mage_Core_Controller_Varien_Router_Standard->match(Object(Mage_Core_Controller_Request_Http))
#13 D:\xampp\htdocs\brambleco\app\code\core\Mage\Core\Model\App.php(365): Mage_Core_Controller_Varien_Front->dispatch()
#14 D:\xampp\htdocs\brambleco\app\Mage.php(684): Mage_Core_Model_App->run(Array)
#15 D:\xampp\htdocs\brambleco\index.php(82): Mage::run('', 'store')
#16 {main}
2018-02-20T05:27:46+00:00 ERR (3): 
exception 'Mage_Core_Exception' with message 'Invalid block type: Mage_Koko_Block_Produk_List' in D:\xampp\htdocs\brambleco\app\Mage.php:595
Stack trace:
#0 D:\xampp\htdocs\brambleco\app\code\core\Mage\Core\Model\Layout.php(495): Mage::throwException('Invalid block t...')
#1 D:\xampp\htdocs\brambleco\app\code\core\Mage\Core\Model\Layout.php(437): Mage_Core_Model_Layout->_getBlockInstance('koko/produk_lis...', Array)
#2 D:\xampp\htdocs\brambleco\app\code\core\Mage\Core\Model\Layout.php(472): Mage_Core_Model_Layout->createBlock('koko/produk_lis...', 'produk_list')
#3 D:\xampp\htdocs\brambleco\app\code\core\Mage\Core\Model\Layout.php(239): Mage_Core_Model_Layout->addBlock('koko/produk_lis...', 'produk_list')
#4 D:\xampp\htdocs\brambleco\app\code\core\Mage\Core\Model\Layout.php(205): Mage_Core_Model_Layout->_generateBlock(Object(Mage_Core_Model_Layout_Element), Object(Mage_Core_Model_Layout_Element))
#5 D:\xampp\htdocs\brambleco\app\code\core\Mage\Core\Model\Layout.php(210): Mage_Core_Model_Layout->generateBlocks(Object(Mage_Core_Model_Layout_Element))
#6 D:\xampp\htdocs\brambleco\app\code\core\Mage\Core\Controller\Varien\Action.php(344): Mage_Core_Model_Layout->generateBlocks()
#7 D:\xampp\htdocs\brambleco\app\code\core\Mage\Core\Controller\Varien\Action.php(269): Mage_Core_Controller_Varien_Action->generateLayoutBlocks()
#8 D:\xampp\htdocs\brambleco\app\code\local\Test\Witarko\controllers\IndexController.php(6): Mage_Core_Controller_Varien_Action->loadLayout()
#9 D:\xampp\htdocs\brambleco\app\code\core\Mage\Core\Controller\Varien\Action.php(418): Test_Witarko_IndexController->indexAction()
#10 D:\xampp\htdocs\brambleco\app\code\core\Mage\Core\Controller\Varien\Router\Standard.php(254): Mage_Core_Controller_Varien_Action->dispatch('index')
#11 D:\xampp\htdocs\brambleco\app\code\core\Mage\Core\Controller\Varien\Front.php(172): Mage_Core_Controller_Varien_Router_Standard->match(Object(Mage_Core_Controller_Request_Http))
#12 D:\xampp\htdocs\brambleco\app\code\core\Mage\Core\Model\App.php(365): Mage_Core_Controller_Varien_Front->dispatch()
#13 D:\xampp\htdocs\brambleco\app\Mage.php(684): Mage_Core_Model_App->run(Array)
#14 D:\xampp\htdocs\brambleco\index.php(82): Mage::run('', 'store')
#15 {main}
2018-02-20T05:27:46+00:00 ERR (3): 
exception 'Mage_Core_Exception' with message 'Invalid block type: Mage_Koko_Block_Produk_List_Toolbar' in D:\xampp\htdocs\brambleco\app\Mage.php:595
Stack trace:
#0 D:\xampp\htdocs\brambleco\app\code\core\Mage\Core\Model\Layout.php(495): Mage::throwException('Invalid block t...')
#1 D:\xampp\htdocs\brambleco\app\code\core\Mage\Core\Model\Layout.php(437): Mage_Core_Model_Layout->_getBlockInstance('koko/produk_lis...', Array)
#2 D:\xampp\htdocs\brambleco\app\code\core\Mage\Core\Model\Layout.php(472): Mage_Core_Model_Layout->createBlock('koko/produk_lis...', 'produk_list_too...')
#3 D:\xampp\htdocs\brambleco\app\code\core\Mage\Core\Model\Layout.php(239): Mage_Core_Model_Layout->addBlock('koko/produk_lis...', 'produk_list_too...')
#4 D:\xampp\htdocs\brambleco\app\code\core\Mage\Core\Model\Layout.php(205): Mage_Core_Model_Layout->_generateBlock(Object(Mage_Core_Model_Layout_Element), Object(Mage_Core_Model_Layout_Element))
#5 D:\xampp\htdocs\brambleco\app\code\core\Mage\Core\Model\Layout.php(206): Mage_Core_Model_Layout->generateBlocks(Object(Mage_Core_Model_Layout_Element))
#6 D:\xampp\htdocs\brambleco\app\code\core\Mage\Core\Model\Layout.php(210): Mage_Core_Model_Layout->generateBlocks(Object(Mage_Core_Model_Layout_Element))
#7 D:\xampp\htdocs\brambleco\app\code\core\Mage\Core\Controller\Varien\Action.php(344): Mage_Core_Model_Layout->generateBlocks()
#8 D:\xampp\htdocs\brambleco\app\code\core\Mage\Core\Controller\Varien\Action.php(269): Mage_Core_Controller_Varien_Action->generateLayoutBlocks()
#9 D:\xampp\htdocs\brambleco\app\code\local\Test\Witarko\controllers\IndexController.php(6): Mage_Core_Controller_Varien_Action->loadLayout()
#10 D:\xampp\htdocs\brambleco\app\code\core\Mage\Core\Controller\Varien\Action.php(418): Test_Witarko_IndexController->indexAction()
#11 D:\xampp\htdocs\brambleco\app\code\core\Mage\Core\Controller\Varien\Router\Standard.php(254): Mage_Core_Controller_Varien_Action->dispatch('index')
#12 D:\xampp\htdocs\brambleco\app\code\core\Mage\Core\Controller\Varien\Front.php(172): Mage_Core_Controller_Varien_Router_Standard->match(Object(Mage_Core_Controller_Request_Http))
#13 D:\xampp\htdocs\brambleco\app\code\core\Mage\Core\Model\App.php(365): Mage_Core_Controller_Varien_Front->dispatch()
#14 D:\xampp\htdocs\brambleco\app\Mage.php(684): Mage_Core_Model_App->run(Array)
#15 D:\xampp\htdocs\brambleco\index.php(82): Mage::run('', 'store')
#16 {main}
2018-02-20T05:34:42+00:00 ERR (3): 
exception 'Mage_Core_Exception' with message 'Invalid block type: Mage_Koko_Block_Produk_List_Toolbar' in D:\xampp\htdocs\brambleco\app\Mage.php:595
Stack trace:
#0 D:\xampp\htdocs\brambleco\app\code\core\Mage\Core\Model\Layout.php(495): Mage::throwException('Invalid block t...')
#1 D:\xampp\htdocs\brambleco\app\code\core\Mage\Core\Model\Layout.php(437): Mage_Core_Model_Layout->_getBlockInstance('koko/produk_lis...', Array)
#2 D:\xampp\htdocs\brambleco\app\code\core\Mage\Core\Model\Layout.php(472): Mage_Core_Model_Layout->createBlock('koko/produk_lis...', 'produk_list_too...')
#3 D:\xampp\htdocs\brambleco\app\code\core\Mage\Core\Model\Layout.php(239): Mage_Core_Model_Layout->addBlock('koko/produk_lis...', 'produk_list_too...')
#4 D:\xampp\htdocs\brambleco\app\code\core\Mage\Core\Model\Layout.php(205): Mage_Core_Model_Layout->_generateBlock(Object(Mage_Core_Model_Layout_Element), Object(Mage_Core_Model_Layout_Element))
#5 D:\xampp\htdocs\brambleco\app\code\core\Mage\Core\Model\Layout.php(206): Mage_Core_Model_Layout->generateBlocks(Object(Mage_Core_Model_Layout_Element))
#6 D:\xampp\htdocs\brambleco\app\code\core\Mage\Core\Model\Layout.php(210): Mage_Core_Model_Layout->generateBlocks(Object(Mage_Core_Model_Layout_Element))
#7 D:\xampp\htdocs\brambleco\app\code\core\Mage\Core\Controller\Varien\Action.php(344): Mage_Core_Model_Layout->generateBlocks()
#8 D:\xampp\htdocs\brambleco\app\code\core\Mage\Core\Controller\Varien\Action.php(269): Mage_Core_Controller_Varien_Action->generateLayoutBlocks()
#9 D:\xampp\htdocs\brambleco\app\code\local\Test\Witarko\controllers\IndexController.php(6): Mage_Core_Controller_Varien_Action->loadLayout()
#10 D:\xampp\htdocs\brambleco\app\code\core\Mage\Core\Controller\Varien\Action.php(418): Test_Witarko_IndexController->indexAction()
#11 D:\xampp\htdocs\brambleco\app\code\core\Mage\Core\Controller\Varien\Router\Standard.php(254): Mage_Core_Controller_Varien_Action->dispatch('index')
#12 D:\xampp\htdocs\brambleco\app\code\core\Mage\Core\Controller\Varien\Front.php(172): Mage_Core_Controller_Varien_Router_Standard->match(Object(Mage_Core_Controller_Request_Http))
#13 D:\xampp\htdocs\brambleco\app\code\core\Mage\Core\Model\App.php(365): Mage_Core_Controller_Varien_Front->dispatch()
#14 D:\xampp\htdocs\brambleco\app\Mage.php(684): Mage_Core_Model_App->run(Array)
#15 D:\xampp\htdocs\brambleco\index.php(82): Mage::run('', 'store')
#16 {main}
